<?xml version="1.0" encoding="UTF-8"?>
<coverage generated="1728335170469" clover="3.2.0">
  <project timestamp="1728335170469" name="All files">
    <metrics statements="52" coveredstatements="44" conditionals="14" coveredconditionals="11" methods="21" coveredmethods="18" elements="87" coveredelements="73" complexity="0" loc="52" ncloc="52" packages="1" files="1" classes="1"/>
    <file name="OrganizationList.js" path="/Users/iadams/code/crank/static/js/OrganizationList.js">
      <metrics statements="52" coveredstatements="44" conditionals="14" coveredconditionals="11" methods="21" coveredmethods="18"/>
      <line num="6" count="7" type="stmt"/>
      <line num="7" count="7" type="stmt"/>
      <line num="20" count="7" type="stmt"/>
      <line num="21" count="7" type="stmt"/>
      <line num="23" count="7" type="stmt"/>
      <line num="25" count="0" type="stmt"/>
      <line num="27" count="7" type="stmt"/>
      <line num="28" count="7" type="stmt"/>
      <line num="30" count="7" type="stmt"/>
      <line num="32" count="0" type="stmt"/>
      <line num="36" count="7" type="stmt"/>
      <line num="37" count="7" type="stmt"/>
      <line num="38" count="7" type="cond" truecount="2" falsecount="0"/>
      <line num="41" count="7" type="stmt"/>
      <line num="42" count="1" type="stmt"/>
      <line num="43" count="1" type="stmt"/>
      <line num="44" count="1" type="stmt"/>
      <line num="45" count="1" type="stmt"/>
      <line num="48" count="7" type="stmt"/>
      <line num="49" count="2" type="stmt"/>
      <line num="50" count="2" type="stmt"/>
      <line num="51" count="2" type="stmt"/>
      <line num="57" count="7" type="stmt"/>
      <line num="58" count="2" type="stmt"/>
      <line num="59" count="2" type="stmt"/>
      <line num="62" count="7" type="stmt"/>
      <line num="63" count="4" type="stmt"/>
      <line num="64" count="4" type="stmt"/>
      <line num="65" count="4" type="stmt"/>
      <line num="66" count="8" type="stmt"/>
      <line num="67" count="8" type="cond" truecount="2" falsecount="0"/>
      <line num="68" count="8" type="cond" truecount="2" falsecount="0"/>
      <line num="70" count="4" type="stmt"/>
      <line num="85" count="20" type="stmt"/>
      <line num="87" count="20" type="stmt"/>
      <line num="88" count="20" type="stmt"/>
      <line num="89" count="20" type="stmt"/>
      <line num="91" count="20" type="stmt"/>
      <line num="92" count="20" type="stmt"/>
      <line num="93" count="23" type="stmt"/>
      <line num="96" count="20" type="stmt"/>
      <line num="126" count="23" type="cond" truecount="2" falsecount="0"/>
      <line num="131" count="1" type="stmt"/>
      <line num="132" count="1" type="stmt"/>
      <line num="153" count="23" type="stmt"/>
      <line num="171" count="1" type="stmt"/>
      <line num="172" count="0" type="stmt"/>
      <line num="173" count="0" type="cond" truecount="0" falsecount="2"/>
      <line num="174" count="0" type="stmt"/>
      <line num="175" count="0" type="stmt"/>
      <line num="176" count="0" type="stmt"/>
      <line num="179" count="0" type="stmt"/>
    </file>
  </project>
</coverage>
