{"/Users/iadams/code/crank/static/js/OrganizationList.js": {"path":"/Users/iadams/code/crank/static/js/OrganizationList.js","statementMap":{"0":{"start":{"line":6,"column":8},"end":{"line":6,"column":21}},"1":{"start":{"line":7,"column":8},"end":{"line":16,"column":10}},"2":{"start":{"line":20,"column":8},"end":{"line":25,"column":91}},"3":{"start":{"line":21,"column":30},"end":{"line":21,"column":45}},"4":{"start":{"line":23,"column":16},"end":{"line":23,"column":59}},"5":{"start":{"line":25,"column":28},"end":{"line":25,"column":89}},"6":{"start":{"line":27,"column":8},"end":{"line":32,"column":88}},"7":{"start":{"line":28,"column":30},"end":{"line":28,"column":45}},"8":{"start":{"line":30,"column":16},"end":{"line":30,"column":56}},"9":{"start":{"line":32,"column":28},"end":{"line":32,"column":86}},"10":{"start":{"line":36,"column":23},"end":{"line":36,"column":66}},"11":{"start":{"line":37,"column":21},"end":{"line":37,"column":39}},"12":{"start":{"line":38,"column":8},"end":{"line":38,"column":45}},"13":{"start":{"line":41,"column":23},"end":{"line":46,"column":5}},"14":{"start":{"line":42,"column":8},"end":{"line":42,"column":49}},"15":{"start":{"line":43,"column":23},"end":{"line":43,"column":66}},"16":{"start":{"line":44,"column":8},"end":{"line":44,"column":39}},"17":{"start":{"line":45,"column":8},"end":{"line":45,"column":93}},"18":{"start":{"line":48,"column":25},"end":{"line":55,"column":5}},"19":{"start":{"line":49,"column":8},"end":{"line":54,"column":30}},"20":{"start":{"line":50,"column":42},"end":{"line":50,"column":71}},"21":{"start":{"line":51,"column":12},"end":{"line":53,"column":14}},"22":{"start":{"line":57,"column":25},"end":{"line":60,"column":5}},"23":{"start":{"line":58,"column":27},"end":{"line":58,"column":59}},"24":{"start":{"line":59,"column":8},"end":{"line":59,"column":67}},"25":{"start":{"line":62,"column":19},"end":{"line":74,"column":5}},"26":{"start":{"line":63,"column":8},"end":{"line":73,"column":11}},"27":{"start":{"line":64,"column":68},"end":{"line":64,"column":77}},"28":{"start":{"line":65,"column":42},"end":{"line":69,"column":14}},"29":{"start":{"line":66,"column":38},"end":{"line":66,"column":81}},"30":{"start":{"line":67,"column":38},"end":{"line":67,"column":84}},"31":{"start":{"line":68,"column":16},"end":{"line":68,"column":54}},"32":{"start":{"line":70,"column":12},"end":{"line":72,"column":14}},"33":{"start":{"line":85,"column":12},"end":{"line":85,"column":22}},"34":{"start":{"line":87,"column":32},"end":{"line":87,"column":58}},"35":{"start":{"line":88,"column":33},"end":{"line":88,"column":63}},"36":{"start":{"line":89,"column":37},"end":{"line":89,"column":99}},"37":{"start":{"line":91,"column":28},"end":{"line":91,"column":30}},"38":{"start":{"line":92,"column":8},"end":{"line":94,"column":9}},"39":{"start":{"line":92,"column":21},"end":{"line":92,"column":22}},"40":{"start":{"line":93,"column":12},"end":{"line":93,"column":32}},"41":{"start":{"line":96,"column":8},"end":{"line":165,"column":16}},"42":{"start":{"line":126,"column":28},"end":{"line":134,"column":33}},"43":{"start":{"line":131,"column":39},"end":{"line":131,"column":58}},"44":{"start":{"line":132,"column":39},"end":{"line":132,"column":69}},"45":{"start":{"line":153,"column":58},"end":{"line":160,"column":29}},"46":{"start":{"line":171,"column":0},"end":{"line":182,"column":3}},"47":{"start":{"line":172,"column":36},"end":{"line":172,"column":80}},"48":{"start":{"line":173,"column":4},"end":{"line":181,"column":5}},"49":{"start":{"line":174,"column":8},"end":{"line":180,"column":9}},"50":{"start":{"line":175,"column":38},"end":{"line":175,"column":85}},"51":{"start":{"line":176,"column":12},"end":{"line":177,"column":99}},"52":{"start":{"line":179,"column":12},"end":{"line":179,"column":69}}},"fnMap":{"0":{"name":"(anonymous_0)","decl":{"start":{"line":5,"column":4},"end":{"line":5,"column":5}},"loc":{"start":{"line":5,"column":23},"end":{"line":17,"column":5}},"line":5},"1":{"name":"(anonymous_1)","decl":{"start":{"line":19,"column":4},"end":{"line":19,"column":5}},"loc":{"start":{"line":19,"column":24},"end":{"line":33,"column":5}},"line":19},"2":{"name":"(anonymous_2)","decl":{"start":{"line":21,"column":18},"end":{"line":21,"column":19}},"loc":{"start":{"line":21,"column":30},"end":{"line":21,"column":45}},"line":21},"3":{"name":"(anonymous_3)","decl":{"start":{"line":22,"column":18},"end":{"line":22,"column":19}},"loc":{"start":{"line":22,"column":26},"end":{"line":24,"column":13}},"line":22},"4":{"name":"(anonymous_4)","decl":{"start":{"line":25,"column":19},"end":{"line":25,"column":20}},"loc":{"start":{"line":25,"column":28},"end":{"line":25,"column":89}},"line":25},"5":{"name":"(anonymous_5)","decl":{"start":{"line":28,"column":18},"end":{"line":28,"column":19}},"loc":{"start":{"line":28,"column":30},"end":{"line":28,"column":45}},"line":28},"6":{"name":"(anonymous_6)","decl":{"start":{"line":29,"column":18},"end":{"line":29,"column":19}},"loc":{"start":{"line":29,"column":26},"end":{"line":31,"column":13}},"line":29},"7":{"name":"(anonymous_7)","decl":{"start":{"line":32,"column":19},"end":{"line":32,"column":20}},"loc":{"start":{"line":32,"column":28},"end":{"line":32,"column":86}},"line":32},"8":{"name":"(anonymous_8)","decl":{"start":{"line":35,"column":4},"end":{"line":35,"column":5}},"loc":{"start":{"line":35,"column":36},"end":{"line":39,"column":5}},"line":35},"9":{"name":"(anonymous_9)","decl":{"start":{"line":41,"column":23},"end":{"line":41,"column":24}},"loc":{"start":{"line":41,"column":39},"end":{"line":46,"column":5}},"line":41},"10":{"name":"(anonymous_10)","decl":{"start":{"line":48,"column":25},"end":{"line":48,"column":26}},"loc":{"start":{"line":48,"column":31},"end":{"line":55,"column":5}},"line":48},"11":{"name":"(anonymous_11)","decl":{"start":{"line":49,"column":22},"end":{"line":49,"column":23}},"loc":{"start":{"line":49,"column":35},"end":{"line":54,"column":9}},"line":49},"12":{"name":"(anonymous_12)","decl":{"start":{"line":57,"column":25},"end":{"line":57,"column":26}},"loc":{"start":{"line":57,"column":36},"end":{"line":60,"column":5}},"line":57},"13":{"name":"(anonymous_13)","decl":{"start":{"line":62,"column":19},"end":{"line":62,"column":20}},"loc":{"start":{"line":62,"column":25},"end":{"line":74,"column":5}},"line":62},"14":{"name":"(anonymous_14)","decl":{"start":{"line":63,"column":22},"end":{"line":63,"column":23}},"loc":{"start":{"line":63,"column":35},"end":{"line":73,"column":9}},"line":63},"15":{"name":"(anonymous_15)","decl":{"start":{"line":65,"column":63},"end":{"line":65,"column":64}},"loc":{"start":{"line":65,"column":70},"end":{"line":69,"column":13}},"line":65},"16":{"name":"(anonymous_16)","decl":{"start":{"line":76,"column":4},"end":{"line":76,"column":5}},"loc":{"start":{"line":76,"column":13},"end":{"line":166,"column":5}},"line":76},"17":{"name":"(anonymous_17)","decl":{"start":{"line":125,"column":41},"end":{"line":125,"column":42}},"loc":{"start":{"line":126,"column":28},"end":{"line":134,"column":33}},"line":126},"18":{"name":"(anonymous_18)","decl":{"start":{"line":130,"column":44},"end":{"line":130,"column":45}},"loc":{"start":{"line":130,"column":51},"end":{"line":133,"column":36}},"line":130},"19":{"name":"(anonymous_19)","decl":{"start":{"line":153,"column":50},"end":{"line":153,"column":51}},"loc":{"start":{"line":153,"column":58},"end":{"line":160,"column":29}},"line":153},"20":{"name":"(anonymous_20)","decl":{"start":{"line":171,"column":46},"end":{"line":171,"column":47}},"loc":{"start":{"line":171,"column":52},"end":{"line":182,"column":1}},"line":171}},"branchMap":{"0":{"loc":{"start":{"line":13,"column":26},"end":{"line":13,"column":50}},"type":"binary-expr","locations":[{"start":{"line":13,"column":26},"end":{"line":13,"column":44}},{"start":{"line":13,"column":48},"end":{"line":13,"column":50}}],"line":13},"1":{"loc":{"start":{"line":38,"column":15},"end":{"line":38,"column":44}},"type":"cond-expr","locations":[{"start":{"line":38,"column":22},"end":{"line":38,"column":40}},{"start":{"line":38,"column":43},"end":{"line":38,"column":44}}],"line":38},"2":{"loc":{"start":{"line":67,"column":38},"end":{"line":67,"column":84}},"type":"binary-expr","locations":[{"start":{"line":67,"column":38},"end":{"line":67,"column":57}},{"start":{"line":67,"column":61},"end":{"line":67,"column":84}}],"line":67},"3":{"loc":{"start":{"line":68,"column":23},"end":{"line":68,"column":53}},"type":"binary-expr","locations":[{"start":{"line":68,"column":23},"end":{"line":68,"column":36}},{"start":{"line":68,"column":40},"end":{"line":68,"column":53}}],"line":68},"4":{"loc":{"start":{"line":126,"column":56},"end":{"line":126,"column":94}},"type":"cond-expr","locations":[{"start":{"line":126,"column":81},"end":{"line":126,"column":89}},{"start":{"line":126,"column":92},"end":{"line":126,"column":94}}],"line":126},"5":{"loc":{"start":{"line":138,"column":17},"end":{"line":163,"column":23}},"type":"cond-expr","locations":[{"start":{"line":138,"column":55},"end":{"line":140,"column":22}},{"start":{"line":140,"column":27},"end":{"line":163,"column":22}}],"line":138},"6":{"loc":{"start":{"line":173,"column":4},"end":{"line":181,"column":5}},"type":"if","locations":[{"start":{"line":173,"column":4},"end":{"line":181,"column":5}},{"start":{},"end":{}}],"line":173}},"s":{"0":7,"1":7,"2":7,"3":7,"4":7,"5":0,"6":7,"7":7,"8":7,"9":0,"10":7,"11":7,"12":7,"13":7,"14":1,"15":1,"16":1,"17":1,"18":7,"19":2,"20":2,"21":2,"22":7,"23":2,"24":2,"25":7,"26":4,"27":4,"28":4,"29":8,"30":8,"31":8,"32":4,"33":20,"34":20,"35":20,"36":20,"37":20,"38":20,"39":20,"40":23,"41":20,"42":23,"43":1,"44":1,"45":23,"46":1,"47":0,"48":0,"49":0,"50":0,"51":0,"52":0},"f":{"0":7,"1":7,"2":7,"3":7,"4":0,"5":7,"6":7,"7":0,"8":7,"9":1,"10":2,"11":2,"12":2,"13":4,"14":4,"15":8,"16":20,"17":23,"18":1,"19":23,"20":0},"b":{"0":[7,6],"1":[2,5],"2":[8,4],"3":[8,6],"4":[16,7],"5":[0,20],"6":[0,0]},"_coverageSchema":"1a1c01bbd47fc00a2c39e90264f33305004495a9","hash":"bcd135b166cf22ba1d4c79a0c4c2b628be3c3b83"}
}
