TN:
SF:static/js/OrganizationList.js
FN:5,(anonymous_0)
FN:19,(anonymous_1)
FN:21,(anonymous_2)
FN:22,(anonymous_3)
FN:25,(anonymous_4)
FN:28,(anonymous_5)
FN:29,(anonymous_6)
FN:32,(anonymous_7)
FN:35,(anonymous_8)
FN:41,(anonymous_9)
FN:48,(anonymous_10)
FN:49,(anonymous_11)
FN:57,(anonymous_12)
FN:62,(anonymous_13)
FN:63,(anonymous_14)
FN:65,(anonymous_15)
FN:76,(anonymous_16)
FN:125,(anonymous_17)
FN:130,(anonymous_18)
FN:153,(anonymous_19)
FN:171,(anonymous_20)
FNF:21
FNH:18
FNDA:7,(anonymous_0)
FNDA:7,(anonymous_1)
FNDA:7,(anonymous_2)
FNDA:7,(anonymous_3)
FNDA:0,(anonymous_4)
FNDA:7,(anonymous_5)
FNDA:7,(anonymous_6)
FNDA:0,(anonymous_7)
FNDA:7,(anonymous_8)
FNDA:1,(anonymous_9)
FNDA:2,(anonymous_10)
FNDA:2,(anonymous_11)
FNDA:2,(anonymous_12)
FNDA:4,(anonymous_13)
FNDA:4,(anonymous_14)
FNDA:8,(anonymous_15)
FNDA:20,(anonymous_16)
FNDA:23,(anonymous_17)
FNDA:1,(anonymous_18)
FNDA:23,(anonymous_19)
FNDA:0,(anonymous_20)
DA:6,7
DA:7,7
DA:20,7
DA:21,7
DA:23,7
DA:25,0
DA:27,7
DA:28,7
DA:30,7
DA:32,0
DA:36,7
DA:37,7
DA:38,7
DA:41,7
DA:42,1
DA:43,1
DA:44,1
DA:45,1
DA:48,7
DA:49,2
DA:50,2
DA:51,2
DA:57,7
DA:58,2
DA:59,2
DA:62,7
DA:63,4
DA:64,4
DA:65,4
DA:66,8
DA:67,8
DA:68,8
DA:70,4
DA:85,20
DA:87,20
DA:88,20
DA:89,20
DA:91,20
DA:92,20
DA:93,23
DA:96,20
DA:126,23
DA:131,1
DA:132,1
DA:153,23
DA:171,1
DA:172,0
DA:173,0
DA:174,0
DA:175,0
DA:176,0
DA:179,0
LF:52
LH:44
BRDA:13,0,0,7
BRDA:13,0,1,6
BRDA:38,1,0,2
BRDA:38,1,1,5
BRDA:67,2,0,8
BRDA:67,2,1,4
BRDA:68,3,0,8
BRDA:68,3,1,6
BRDA:126,4,0,16
BRDA:126,4,1,7
BRDA:138,5,0,0
BRDA:138,5,1,20
BRDA:173,6,0,0
BRDA:173,6,1,0
BRF:14
BRH:11
end_of_record
